================================================================================
Test Suite: test_brd_generator
================================================================================

Timestamp: 20251124_181922
Total Tests: 1

Summary:
  - Passed: 0
  - Failed: 1
  - Skipped: 0

================================================================================

--------------------------------------------------------------------------------
Test: test_generate_brd_from_swagger_with_coverage_percentage
Status: FAILED
Timestamp: 2025-11-24T18:19:22.641021

Error Details:
tests\brd_generator\test_brd_generator.py:392: in test_generate_brd_from_swagger_with_coverage_percentage
    assert len(call_args[0]) >= 3
E   AssertionError: assert 2 >= 3
E    +  where 2 = len(({'info': {'title': 'Test API', 'version': '1.0.0'}, 'paths_count': 5, 'version': '3.0.0', 'endpoints': [{'path': '/users', 'method': 'GET'}, {'path': '/users', 'method': 'POST'}, {'path': '/users/{id}', 'method': 'GET'}, {'path': '/users/{id}', 'method': 'PUT'}, {'path': '/users/{id}', 'method': 'DELETE'}], 'components': {'schemas_count': 2, 'responses_count': 5, 'parameters_count': 10, 'security_schemes_count': 1}, 'tags': ['users']}, {'endpoints': [{'path': '/users', 'method': 'GET', 'parameters': []}, {'path': '/users', 'method': 'POST', 'parameters': [{'name': 'name', 'required': True}]}, {'path': '/users/{id}', 'method': 'GET', 'parameters': [{'name': 'id', 'required': True}]}, {'path': '/users/{id}', 'method': 'PUT', 'parameters': [{'name': 'id', 'required': True}, {'name': 'name', 'required': False}]}, {'path': '/users/{id}', 'method': 'DELETE', 'parameters': [{'name': 'id', 'required': True}]}]}))

================================================================================