================================================================================
Test Suite: test_brd_validator
================================================================================

Timestamp: 20251124_183016
Total Tests: 16

Summary:
  - Passed: 15
  - Failed: 1
  - Skipped: 0

================================================================================

--------------------------------------------------------------------------------
Test: test_validator_initialization
Status: PASSED
Timestamp: 2025-11-24T18:30:16.486071

--------------------------------------------------------------------------------
Test: test_validate_brd_against_swagger_valid
Status: PASSED
Timestamp: 2025-11-24T18:30:16.489117

--------------------------------------------------------------------------------
Test: test_validate_brd_orphaned_endpoints
Status: PASSED
Timestamp: 2025-11-24T18:30:16.491367

--------------------------------------------------------------------------------
Test: test_validate_brd_missing_endpoints
Status: PASSED
Timestamp: 2025-11-24T18:30:16.494606

--------------------------------------------------------------------------------
Test: test_fuzzy_match_endpoint
Status: PASSED
Timestamp: 2025-11-24T18:30:16.496117

--------------------------------------------------------------------------------
Test: test_suggest_similar_endpoint
Status: PASSED
Timestamp: 2025-11-24T18:30:16.497391

--------------------------------------------------------------------------------
Test: test_generate_validation_report
Status: PASSED
Timestamp: 2025-11-24T18:30:16.507169

--------------------------------------------------------------------------------
Test: test_validate_empty_brd
Status: PASSED
Timestamp: 2025-11-24T18:30:16.509644

--------------------------------------------------------------------------------
Test: test_validate_empty_swagger
Status: PASSED
Timestamp: 2025-11-24T18:30:16.511714

--------------------------------------------------------------------------------
Test: test_validate_case_insensitive_methods
Status: PASSED
Timestamp: 2025-11-24T18:30:16.514664

--------------------------------------------------------------------------------
Test: test_fuzzy_match_different_parameter_names
Status: PASSED
Timestamp: 2025-11-24T18:30:16.516217

--------------------------------------------------------------------------------
Test: test_fuzzy_match_no_match
Status: PASSED
Timestamp: 2025-11-24T18:30:16.517540

--------------------------------------------------------------------------------
Test: test_suggest_similar_endpoint_partial_match
Status: FAILED
Timestamp: 2025-11-24T18:30:16.631645

Error Details:
tests\test_brd_validator.py:252: in test_suggest_similar_endpoint_partial_match
    assert "users" in suggestion.lower()
E   AssertionError: assert 'users' in 'get /api/v1/products'
E    +  where 'get /api/v1/products' = <built-in method lower of str object at 0x00000213B91CF530>()
E    +    where <built-in method lower of str object at 0x00000213B91CF530> = 'GET /api/v1/products'.lower

--------------------------------------------------------------------------------
Test: test_suggest_similar_endpoint_low_score
Status: PASSED
Timestamp: 2025-11-24T18:30:16.633602

--------------------------------------------------------------------------------
Test: test_validation_report_with_errors
Status: PASSED
Timestamp: 2025-11-24T18:30:16.639266

--------------------------------------------------------------------------------
Test: test_validation_report_default_path
Status: PASSED
Timestamp: 2025-11-24T18:30:16.642733

================================================================================